{
  message: 'Database connected successfully',
  level: 'info',
  label: 'UMS',
  timestamp: '2023-08-16T03:02:52.461Z'
}
{
  message: 'Application app listening on port 5000',
  level: 'info',
  label: 'UMS',
  timestamp: '2023-08-16T03:02:52.472Z'
}
{
  message: 'Database connected successfully',
  level: 'info',
  label: 'UMS',
  timestamp: '2023-08-16T03:03:03.313Z'
}
{
  message: 'Application app listening on port 5000',
  level: 'info',
  label: 'UMS',
  timestamp: '2023-08-16T03:03:03.327Z'
}
{
  message: 'Database connected successfully',
  level: 'info',
  label: 'UMS',
  timestamp: '2023-08-16T03:03:49.697Z'
}
{
  message: 'Application app listening on port 5000',
  level: 'info',
  label: 'UMS',
  timestamp: '2023-08-16T03:03:49.715Z'
}
