{
  message: 'Database connected successfully',
  level: 'info',
  label: 'UMS',
  timestamp: '2023-08-13T20:41:51.120Z'
}
{
  message: 'Application app listening on port 5000',
  level: 'info',
  label: 'UMS',
  timestamp: '2023-08-13T20:41:51.136Z'
}
{
  message: 'Database connected successfully',
  level: 'info',
  label: 'UMS',
  timestamp: '2023-08-13T20:46:57.403Z'
}
{
  message: 'Application app listening on port 5000',
  level: 'info',
  label: 'UMS',
  timestamp: '2023-08-13T20:46:57.418Z'
}
{
  message: 'Database connected successfully',
  level: 'info',
  label: 'UMS',
  timestamp: '2023-08-13T20:49:59.370Z'
}
{
  message: 'Application app listening on port 5000',
  level: 'info',
  label: 'UMS',
  timestamp: '2023-08-13T20:49:59.382Z'
}
{
  message: 'Database connected successfully',
  level: 'info',
  label: 'UMS',
  timestamp: '2023-08-13T20:50:26.780Z'
}
{
  message: 'Application app listening on port 5000',
  level: 'info',
  label: 'UMS',
  timestamp: '2023-08-13T20:50:26.790Z'
}
{
  message: 'Database connected successfully',
  level: 'info',
  label: 'UMS',
  timestamp: '2023-08-13T20:52:00.922Z'
}
{
  message: 'Application app listening on port 5000',
  level: 'info',
  label: 'UMS',
  timestamp: '2023-08-13T20:52:00.939Z'
}
{
  message: 'Database connected successfully',
  level: 'info',
  label: 'UMS',
  timestamp: '2023-08-13T20:54:54.511Z'
}
{
  message: 'Application app listening on port 5000',
  level: 'info',
  label: 'UMS',
  timestamp: '2023-08-13T20:54:54.521Z'
}
{
  message: 'Database connected successfully',
  level: 'info',
  label: 'UMS',
  timestamp: '2023-08-13T20:55:00.227Z'
}
{
  message: 'Application app listening on port 5000',
  level: 'info',
  label: 'UMS',
  timestamp: '2023-08-13T20:55:00.245Z'
}
{
  message: 'Database connected successfully',
  level: 'info',
  label: 'UMS',
  timestamp: '2023-08-13T20:55:10.520Z'
}
{
  message: 'Application app listening on port 5000',
  level: 'info',
  label: 'UMS',
  timestamp: '2023-08-13T20:55:10.531Z'
}
{
  message: 'Database connected successfully',
  level: 'info',
  label: 'UMS',
  timestamp: '2023-08-13T20:59:12.526Z'
}
{
  message: 'Application app listening on port 5000',
  level: 'info',
  label: 'UMS',
  timestamp: '2023-08-13T20:59:12.540Z'
}
{
  message: 'Database connected successfully',
  level: 'info',
  label: 'UMS',
  timestamp: '2023-08-13T20:59:19.877Z'
}
{
  message: 'Application app listening on port 5000',
  level: 'info',
  label: 'UMS',
  timestamp: '2023-08-13T20:59:19.886Z'
}
{
  message: 'Database connected successfully',
  level: 'info',
  label: 'UMS',
  timestamp: '2023-08-13T20:59:32.753Z'
}
{
  message: 'Application app listening on port 5000',
  level: 'info',
  label: 'UMS',
  timestamp: '2023-08-13T20:59:32.771Z'
}
{
  message: 'Database connected successfully',
  level: 'info',
  label: 'UMS',
  timestamp: '2023-08-13T20:59:45.026Z'
}
{
  message: 'Application app listening on port 5000',
  level: 'info',
  label: 'UMS',
  timestamp: '2023-08-13T20:59:45.039Z'
}
{
  message: 'Database connected successfully',
  level: 'info',
  label: 'UMS',
  timestamp: '2023-08-13T20:59:52.878Z'
}
{
  message: 'Application app listening on port 5000',
  level: 'info',
  label: 'UMS',
  timestamp: '2023-08-13T20:59:52.894Z'
}
