{
  message: 'Database connected successfully',
  level: 'info',
  label: 'UMS',
  timestamp: '2023-08-13T21:00:54.260Z'
}
{
  message: 'Application app listening on port 5000',
  level: 'info',
  label: 'UMS',
  timestamp: '2023-08-13T21:00:54.272Z'
}
{
  message: 'Database connected successfully',
  level: 'info',
  label: 'UMS',
  timestamp: '2023-08-13T21:01:40.150Z'
}
{
  message: 'Application app listening on port 5000',
  level: 'info',
  label: 'UMS',
  timestamp: '2023-08-13T21:01:40.159Z'
}
{
  message: 'Database connected successfully',
  level: 'info',
  label: 'UMS',
  timestamp: '2023-08-13T21:02:48.152Z'
}
{
  message: 'Application app listening on port 5000',
  level: 'info',
  label: 'UMS',
  timestamp: '2023-08-13T21:02:48.164Z'
}
{
  message: 'Database connected successfully',
  level: 'info',
  label: 'UMS',
  timestamp: '2023-08-13T21:03:03.510Z'
}
{
  message: 'Application app listening on port 5000',
  level: 'info',
  label: 'UMS',
  timestamp: '2023-08-13T21:03:03.533Z'
}
{
  message: 'Database connected successfully',
  level: 'info',
  label: 'UMS',
  timestamp: '2023-08-13T21:03:33.629Z'
}
{
  message: 'Application app listening on port 5000',
  level: 'info',
  label: 'UMS',
  timestamp: '2023-08-13T21:03:33.639Z'
}
{
  message: 'Database connected successfully',
  level: 'info',
  label: 'UMS',
  timestamp: '2023-08-13T21:10:02.964Z'
}
{
  message: 'Application app listening on port 5000',
  level: 'info',
  label: 'UMS',
  timestamp: '2023-08-13T21:10:02.979Z'
}
{
  message: 'Database connected successfully',
  level: 'info',
  label: 'UMS',
  timestamp: '2023-08-13T21:13:15.732Z'
}
{
  message: 'Application app listening on port 5000',
  level: 'info',
  label: 'UMS',
  timestamp: '2023-08-13T21:13:15.746Z'
}
{
  message: 'Database connected successfully',
  level: 'info',
  label: 'UMS',
  timestamp: '2023-08-13T21:15:37.458Z'
}
{
  message: 'Application app listening on port 5000',
  level: 'info',
  label: 'UMS',
  timestamp: '2023-08-13T21:15:37.468Z'
}
{
  message: 'Database connected successfully',
  level: 'info',
  label: 'UMS',
  timestamp: '2023-08-13T21:16:22.096Z'
}
{
  message: 'Application app listening on port 5000',
  level: 'info',
  label: 'UMS',
  timestamp: '2023-08-13T21:16:22.116Z'
}
{
  message: 'Database connected successfully',
  level: 'info',
  label: 'UMS',
  timestamp: '2023-08-13T21:16:54.839Z'
}
{
  message: 'Application app listening on port 5000',
  level: 'info',
  label: 'UMS',
  timestamp: '2023-08-13T21:16:54.850Z'
}
{
  message: 'Database connected successfully',
  level: 'info',
  label: 'UMS',
  timestamp: '2023-08-13T21:17:05.652Z'
}
{
  message: 'Application app listening on port 5000',
  level: 'info',
  label: 'UMS',
  timestamp: '2023-08-13T21:17:05.659Z'
}
{
  message: 'Database connected successfully',
  level: 'info',
  label: 'UMS',
  timestamp: '2023-08-13T21:22:42.934Z'
}
{
  message: 'Application app listening on port 5000',
  level: 'info',
  label: 'UMS',
  timestamp: '2023-08-13T21:22:42.948Z'
}
{
  message: 'Database connected successfully',
  level: 'info',
  label: 'UMS',
  timestamp: '2023-08-13T21:47:32.662Z'
}
{
  message: 'Application app listening on port 5000',
  level: 'info',
  label: 'UMS',
  timestamp: '2023-08-13T21:47:32.672Z'
}
{
  message: 'Database connected successfully',
  level: 'info',
  label: 'UMS',
  timestamp: '2023-08-13T21:58:07.605Z'
}
{
  message: 'Application app listening on port 5000',
  level: 'info',
  label: 'UMS',
  timestamp: '2023-08-13T21:58:07.618Z'
}
{
  message: 'Database connected successfully',
  level: 'info',
  label: 'UMS',
  timestamp: '2023-08-13T21:58:17.394Z'
}
{
  message: 'Application app listening on port 5000',
  level: 'info',
  label: 'UMS',
  timestamp: '2023-08-13T21:58:17.407Z'
}
{
  message: 'Database connected successfully',
  level: 'info',
  label: 'UMS',
  timestamp: '2023-08-13T21:58:34.949Z'
}
{
  message: 'Application app listening on port 5000',
  level: 'info',
  label: 'UMS',
  timestamp: '2023-08-13T21:58:34.961Z'
}
{
  message: 'Database connected successfully',
  level: 'info',
  label: 'UMS',
  timestamp: '2023-08-13T21:58:41.904Z'
}
{
  message: 'Application app listening on port 5000',
  level: 'info',
  label: 'UMS',
  timestamp: '2023-08-13T21:58:41.918Z'
}
{
  message: 'Database connected successfully',
  level: 'info',
  label: 'UMS',
  timestamp: '2023-08-13T21:58:48.450Z'
}
{
  message: 'Application app listening on port 5000',
  level: 'info',
  label: 'UMS',
  timestamp: '2023-08-13T21:58:48.460Z'
}
{
  message: 'Database connected successfully',
  level: 'info',
  label: 'UMS',
  timestamp: '2023-08-13T21:59:10.146Z'
}
{
  message: 'Application app listening on port 5000',
  level: 'info',
  label: 'UMS',
  timestamp: '2023-08-13T21:59:10.182Z'
}
{
  message: 'Database connected successfully',
  level: 'info',
  label: 'UMS',
  timestamp: '2023-08-13T21:59:16.831Z'
}
{
  message: 'Application app listening on port 5000',
  level: 'info',
  label: 'UMS',
  timestamp: '2023-08-13T21:59:16.847Z'
}
{
  message: 'Database connected successfully',
  level: 'info',
  label: 'UMS',
  timestamp: '2023-08-13T21:59:34.096Z'
}
{
  message: 'Application app listening on port 5000',
  level: 'info',
  label: 'UMS',
  timestamp: '2023-08-13T21:59:34.105Z'
}
