{
  message: 'Database connected successfully',
  level: 'info',
  label: 'UMS',
  timestamp: '2023-08-19T09:00:07.668Z'
}
{
  message: 'Application app listening on port 5000',
  level: 'info',
  label: 'UMS',
  timestamp: '2023-08-19T09:00:07.688Z'
}
{
  message: 'Database connected successfully',
  level: 'info',
  label: 'UMS',
  timestamp: '2023-08-19T09:00:27.112Z'
}
{
  message: 'Application app listening on port 5000',
  level: 'info',
  label: 'UMS',
  timestamp: '2023-08-19T09:00:27.137Z'
}
{
  message: 'Database connected successfully',
  level: 'info',
  label: 'UMS',
  timestamp: '2023-08-19T09:01:16.585Z'
}
{
  message: 'Application app listening on port 5000',
  level: 'info',
  label: 'UMS',
  timestamp: '2023-08-19T09:01:16.635Z'
}
{
  message: 'Database connected successfully',
  level: 'info',
  label: 'UMS',
  timestamp: '2023-08-19T09:01:22.004Z'
}
{
  message: 'Application app listening on port 5000',
  level: 'info',
  label: 'UMS',
  timestamp: '2023-08-19T09:01:22.014Z'
}
{
  message: 'Database connected successfully',
  level: 'info',
  label: 'UMS',
  timestamp: '2023-08-19T09:01:37.712Z'
}
{
  message: 'Application app listening on port 5000',
  level: 'info',
  label: 'UMS',
  timestamp: '2023-08-19T09:01:37.725Z'
}
{
  message: 'Database connected successfully',
  level: 'info',
  label: 'UMS',
  timestamp: '2023-08-19T09:01:46.322Z'
}
{
  message: 'Application app listening on port 5000',
  level: 'info',
  label: 'UMS',
  timestamp: '2023-08-19T09:01:46.337Z'
}
{
  message: 'Database connected successfully',
  level: 'info',
  label: 'UMS',
  timestamp: '2023-08-19T09:01:51.588Z'
}
{
  message: 'Application app listening on port 5000',
  level: 'info',
  label: 'UMS',
  timestamp: '2023-08-19T09:01:51.597Z'
}
{
  message: 'Database connected successfully',
  level: 'info',
  label: 'UMS',
  timestamp: '2023-08-19T09:01:57.805Z'
}
{
  message: 'Application app listening on port 5000',
  level: 'info',
  label: 'UMS',
  timestamp: '2023-08-19T09:01:57.823Z'
}
{
  message: 'Database connected successfully',
  level: 'info',
  label: 'UMS',
  timestamp: '2023-08-19T09:02:29.930Z'
}
{
  message: 'Application app listening on port 5000',
  level: 'info',
  label: 'UMS',
  timestamp: '2023-08-19T09:02:29.944Z'
}
{
  message: 'Database connected successfully',
  level: 'info',
  label: 'UMS',
  timestamp: '2023-08-19T09:02:40.176Z'
}
{
  message: 'Application app listening on port 5000',
  level: 'info',
  label: 'UMS',
  timestamp: '2023-08-19T09:02:40.185Z'
}
{
  message: 'Database connected successfully',
  level: 'info',
  label: 'UMS',
  timestamp: '2023-08-19T09:03:57.447Z'
}
{
  message: 'Application app listening on port 5000',
  level: 'info',
  label: 'UMS',
  timestamp: '2023-08-19T09:03:57.468Z'
}
{
  message: 'Database connected successfully',
  level: 'info',
  label: 'UMS',
  timestamp: '2023-08-19T09:04:20.817Z'
}
{
  message: 'Application app listening on port 5000',
  level: 'info',
  label: 'UMS',
  timestamp: '2023-08-19T09:04:20.832Z'
}
{
  message: 'Database connected successfully',
  level: 'info',
  label: 'UMS',
  timestamp: '2023-08-19T09:04:39.818Z'
}
{
  message: 'Application app listening on port 5000',
  level: 'info',
  label: 'UMS',
  timestamp: '2023-08-19T09:04:39.835Z'
}
{
  message: 'Database connected successfully',
  level: 'info',
  label: 'UMS',
  timestamp: '2023-08-19T09:05:17.300Z'
}
{
  message: 'Application app listening on port 5000',
  level: 'info',
  label: 'UMS',
  timestamp: '2023-08-19T09:05:17.315Z'
}
{
  message: 'Database connected successfully',
  level: 'info',
  label: 'UMS',
  timestamp: '2023-08-19T09:07:52.041Z'
}
{
  message: 'Application app listening on port 5000',
  level: 'info',
  label: 'UMS',
  timestamp: '2023-08-19T09:07:52.074Z'
}
{
  message: 'Database connected successfully',
  level: 'info',
  label: 'UMS',
  timestamp: '2023-08-19T09:08:25.424Z'
}
{
  message: 'Application app listening on port 5000',
  level: 'info',
  label: 'UMS',
  timestamp: '2023-08-19T09:08:25.436Z'
}
{
  message: 'Database connected successfully',
  level: 'info',
  label: 'UMS',
  timestamp: '2023-08-19T09:08:32.433Z'
}
{
  message: 'Application app listening on port 5000',
  level: 'info',
  label: 'UMS',
  timestamp: '2023-08-19T09:08:32.446Z'
}
{
  message: 'Database connected successfully',
  level: 'info',
  label: 'UMS',
  timestamp: '2023-08-19T09:08:53.489Z'
}
{
  message: 'Application app listening on port 5000',
  level: 'info',
  label: 'UMS',
  timestamp: '2023-08-19T09:08:53.525Z'
}
{
  message: 'Database connected successfully',
  level: 'info',
  label: 'UMS',
  timestamp: '2023-08-19T09:09:00.794Z'
}
{
  message: 'Application app listening on port 5000',
  level: 'info',
  label: 'UMS',
  timestamp: '2023-08-19T09:09:00.804Z'
}
{
  message: 'Database connected successfully',
  level: 'info',
  label: 'UMS',
  timestamp: '2023-08-19T09:09:07.151Z'
}
{
  message: 'Application app listening on port 5000',
  level: 'info',
  label: 'UMS',
  timestamp: '2023-08-19T09:09:07.170Z'
}
{
  message: 'Database connected successfully',
  level: 'info',
  label: 'UMS',
  timestamp: '2023-08-19T09:10:22.926Z'
}
{
  message: 'Application app listening on port 5000',
  level: 'info',
  label: 'UMS',
  timestamp: '2023-08-19T09:10:22.944Z'
}
{
  message: 'Database connected successfully',
  level: 'info',
  label: 'UMS',
  timestamp: '2023-08-19T09:10:30.417Z'
}
{
  message: 'Application app listening on port 5000',
  level: 'info',
  label: 'UMS',
  timestamp: '2023-08-19T09:10:30.435Z'
}
{
  message: 'Database connected successfully',
  level: 'info',
  label: 'UMS',
  timestamp: '2023-08-19T09:11:55.810Z'
}
{
  message: 'Application app listening on port 5000',
  level: 'info',
  label: 'UMS',
  timestamp: '2023-08-19T09:11:55.823Z'
}
{
  message: 'Database connected successfully',
  level: 'info',
  label: 'UMS',
  timestamp: '2023-08-19T09:12:06.703Z'
}
{
  message: 'Application app listening on port 5000',
  level: 'info',
  label: 'UMS',
  timestamp: '2023-08-19T09:12:06.714Z'
}
{
  message: 'Database connected successfully',
  level: 'info',
  label: 'UMS',
  timestamp: '2023-08-19T09:12:13.837Z'
}
{
  message: 'Application app listening on port 5000',
  level: 'info',
  label: 'UMS',
  timestamp: '2023-08-19T09:12:13.867Z'
}
{
  message: 'Database connected successfully',
  level: 'info',
  label: 'UMS',
  timestamp: '2023-08-19T09:12:41.475Z'
}
{
  message: 'Application app listening on port 5000',
  level: 'info',
  label: 'UMS',
  timestamp: '2023-08-19T09:12:41.521Z'
}
{
  message: 'Database connected successfully',
  level: 'info',
  label: 'UMS',
  timestamp: '2023-08-19T09:12:49.388Z'
}
{
  message: 'Application app listening on port 5000',
  level: 'info',
  label: 'UMS',
  timestamp: '2023-08-19T09:12:49.406Z'
}
{
  message: 'Database connected successfully',
  level: 'info',
  label: 'UMS',
  timestamp: '2023-08-19T09:14:44.043Z'
}
{
  message: 'Application app listening on port 5000',
  level: 'info',
  label: 'UMS',
  timestamp: '2023-08-19T09:14:44.052Z'
}
{
  message: 'Database connected successfully',
  level: 'info',
  label: 'UMS',
  timestamp: '2023-08-19T09:15:07.615Z'
}
{
  message: 'Application app listening on port 5000',
  level: 'info',
  label: 'UMS',
  timestamp: '2023-08-19T09:15:07.640Z'
}
{
  message: 'Database connected successfully',
  level: 'info',
  label: 'UMS',
  timestamp: '2023-08-19T09:16:22.623Z'
}
{
  message: 'Application app listening on port 5000',
  level: 'info',
  label: 'UMS',
  timestamp: '2023-08-19T09:16:22.645Z'
}
{
  message: 'Database connected successfully',
  level: 'info',
  label: 'UMS',
  timestamp: '2023-08-19T09:19:42.881Z'
}
{
  message: 'Application app listening on port 5000',
  level: 'info',
  label: 'UMS',
  timestamp: '2023-08-19T09:19:42.893Z'
}
{
  message: 'Database connected successfully',
  level: 'info',
  label: 'UMS',
  timestamp: '2023-08-19T09:21:54.669Z'
}
{
  message: 'Application app listening on port 5000',
  level: 'info',
  label: 'UMS',
  timestamp: '2023-08-19T09:21:54.686Z'
}
{
  message: 'Database connected successfully',
  level: 'info',
  label: 'UMS',
  timestamp: '2023-08-19T09:22:50.891Z'
}
{
  message: 'Application app listening on port 5000',
  level: 'info',
  label: 'UMS',
  timestamp: '2023-08-19T09:22:50.920Z'
}
{
  message: 'Database connected successfully',
  level: 'info',
  label: 'UMS',
  timestamp: '2023-08-19T09:23:46.909Z'
}
{
  message: 'Application app listening on port 5000',
  level: 'info',
  label: 'UMS',
  timestamp: '2023-08-19T09:23:46.922Z'
}
{
  message: 'Database connected successfully',
  level: 'info',
  label: 'UMS',
  timestamp: '2023-08-19T09:24:19.059Z'
}
{
  message: 'Application app listening on port 5000',
  level: 'info',
  label: 'UMS',
  timestamp: '2023-08-19T09:24:19.079Z'
}
{
  message: 'Database connected successfully',
  level: 'info',
  label: 'UMS',
  timestamp: '2023-08-19T09:24:56.589Z'
}
{
  message: 'Application app listening on port 5000',
  level: 'info',
  label: 'UMS',
  timestamp: '2023-08-19T09:24:56.603Z'
}
{
  message: 'Database connected successfully',
  level: 'info',
  label: 'UMS',
  timestamp: '2023-08-19T09:26:09.288Z'
}
{
  message: 'Application app listening on port 5000',
  level: 'info',
  label: 'UMS',
  timestamp: '2023-08-19T09:26:09.301Z'
}
{
  message: 'Database connected successfully',
  level: 'info',
  label: 'UMS',
  timestamp: '2023-08-19T09:27:08.116Z'
}
{
  message: 'Application app listening on port 5000',
  level: 'info',
  label: 'UMS',
  timestamp: '2023-08-19T09:27:08.135Z'
}
{
  message: 'Database connected successfully',
  level: 'info',
  label: 'UMS',
  timestamp: '2023-08-19T09:28:11.108Z'
}
{
  message: 'Application app listening on port 5000',
  level: 'info',
  label: 'UMS',
  timestamp: '2023-08-19T09:28:11.121Z'
}
{
  message: 'Database connected successfully',
  level: 'info',
  label: 'UMS',
  timestamp: '2023-08-19T09:34:30.584Z'
}
{
  message: 'Application app listening on port 5000',
  level: 'info',
  label: 'UMS',
  timestamp: '2023-08-19T09:34:30.593Z'
}
{
  message: 'Database connected successfully',
  level: 'info',
  label: 'UMS',
  timestamp: '2023-08-19T09:34:41.327Z'
}
{
  message: 'Application app listening on port 5000',
  level: 'info',
  label: 'UMS',
  timestamp: '2023-08-19T09:34:41.336Z'
}
{
  message: 'Database connected successfully',
  level: 'info',
  label: 'UMS',
  timestamp: '2023-08-19T09:35:41.127Z'
}
{
  message: 'Application app listening on port 5000',
  level: 'info',
  label: 'UMS',
  timestamp: '2023-08-19T09:35:41.139Z'
}
{
  message: 'Database connected successfully',
  level: 'info',
  label: 'UMS',
  timestamp: '2023-08-19T09:35:48.216Z'
}
{
  message: 'Application app listening on port 5000',
  level: 'info',
  label: 'UMS',
  timestamp: '2023-08-19T09:35:48.230Z'
}
{
  message: 'Database connected successfully',
  level: 'info',
  label: 'UMS',
  timestamp: '2023-08-19T09:36:07.120Z'
}
{
  message: 'Application app listening on port 5000',
  level: 'info',
  label: 'UMS',
  timestamp: '2023-08-19T09:36:07.140Z'
}
{
  message: 'Database connected successfully',
  level: 'info',
  label: 'UMS',
  timestamp: '2023-08-19T09:36:25.023Z'
}
{
  message: 'Application app listening on port 5000',
  level: 'info',
  label: 'UMS',
  timestamp: '2023-08-19T09:36:25.041Z'
}
{
  message: 'Database connected successfully',
  level: 'info',
  label: 'UMS',
  timestamp: '2023-08-19T09:36:36.722Z'
}
{
  message: 'Application app listening on port 5000',
  level: 'info',
  label: 'UMS',
  timestamp: '2023-08-19T09:36:36.730Z'
}
{
  message: 'Database connected successfully',
  level: 'info',
  label: 'UMS',
  timestamp: '2023-08-19T09:39:35.938Z'
}
{
  message: 'Application app listening on port 5000',
  level: 'info',
  label: 'UMS',
  timestamp: '2023-08-19T09:39:35.950Z'
}
{
  message: 'Database connected successfully',
  level: 'info',
  label: 'UMS',
  timestamp: '2023-08-19T09:40:08.525Z'
}
{
  message: 'Application app listening on port 5000',
  level: 'info',
  label: 'UMS',
  timestamp: '2023-08-19T09:40:08.578Z'
}
{
  message: 'Database connected successfully',
  level: 'info',
  label: 'UMS',
  timestamp: '2023-08-19T09:40:18.229Z'
}
{
  message: 'Application app listening on port 5000',
  level: 'info',
  label: 'UMS',
  timestamp: '2023-08-19T09:40:18.241Z'
}
{
  message: 'Database connected successfully',
  level: 'info',
  label: 'UMS',
  timestamp: '2023-08-19T09:40:49.603Z'
}
{
  message: 'Application app listening on port 5000',
  level: 'info',
  label: 'UMS',
  timestamp: '2023-08-19T09:40:49.617Z'
}
{
  message: 'Database connected successfully',
  level: 'info',
  label: 'UMS',
  timestamp: '2023-08-19T09:40:59.722Z'
}
{
  message: 'Application app listening on port 5000',
  level: 'info',
  label: 'UMS',
  timestamp: '2023-08-19T09:40:59.732Z'
}
{
  message: 'Database connected successfully',
  level: 'info',
  label: 'UMS',
  timestamp: '2023-08-19T09:41:19.912Z'
}
{
  message: 'Application app listening on port 5000',
  level: 'info',
  label: 'UMS',
  timestamp: '2023-08-19T09:41:19.925Z'
}
{
  message: 'Database connected successfully',
  level: 'info',
  label: 'UMS',
  timestamp: '2023-08-19T09:41:43.236Z'
}
{
  message: 'Application app listening on port 5000',
  level: 'info',
  label: 'UMS',
  timestamp: '2023-08-19T09:41:43.249Z'
}
{
  message: 'Database connected successfully',
  level: 'info',
  label: 'UMS',
  timestamp: '2023-08-19T09:41:50.616Z'
}
{
  message: 'Application app listening on port 5000',
  level: 'info',
  label: 'UMS',
  timestamp: '2023-08-19T09:41:50.635Z'
}
{
  message: 'Database connected successfully',
  level: 'info',
  label: 'UMS',
  timestamp: '2023-08-19T09:41:57.647Z'
}
{
  message: 'Application app listening on port 5000',
  level: 'info',
  label: 'UMS',
  timestamp: '2023-08-19T09:41:57.663Z'
}
{
  message: 'Database connected successfully',
  level: 'info',
  label: 'UMS',
  timestamp: '2023-08-19T09:42:04.642Z'
}
{
  message: 'Application app listening on port 5000',
  level: 'info',
  label: 'UMS',
  timestamp: '2023-08-19T09:42:04.652Z'
}
{
  message: 'Database connected successfully',
  level: 'info',
  label: 'UMS',
  timestamp: '2023-08-19T09:42:57.634Z'
}
{
  message: 'Application app listening on port 5000',
  level: 'info',
  label: 'UMS',
  timestamp: '2023-08-19T09:42:57.645Z'
}
{
  message: 'Database connected successfully',
  level: 'info',
  label: 'UMS',
  timestamp: '2023-08-19T09:43:35.780Z'
}
{
  message: 'Application app listening on port 5000',
  level: 'info',
  label: 'UMS',
  timestamp: '2023-08-19T09:43:35.799Z'
}
{
  message: 'Database connected successfully',
  level: 'info',
  label: 'UMS',
  timestamp: '2023-08-19T09:43:45.968Z'
}
{
  message: 'Application app listening on port 5000',
  level: 'info',
  label: 'UMS',
  timestamp: '2023-08-19T09:43:45.983Z'
}
{
  message: 'Database connected successfully',
  level: 'info',
  label: 'UMS',
  timestamp: '2023-08-19T09:44:01.902Z'
}
{
  message: 'Application app listening on port 5000',
  level: 'info',
  label: 'UMS',
  timestamp: '2023-08-19T09:44:01.918Z'
}
{
  message: 'Database connected successfully',
  level: 'info',
  label: 'UMS',
  timestamp: '2023-08-19T09:45:18.889Z'
}
{
  message: 'Application app listening on port 5000',
  level: 'info',
  label: 'UMS',
  timestamp: '2023-08-19T09:45:18.900Z'
}
{
  message: 'Database connected successfully',
  level: 'info',
  label: 'UMS',
  timestamp: '2023-08-19T09:45:24.946Z'
}
{
  message: 'Application app listening on port 5000',
  level: 'info',
  label: 'UMS',
  timestamp: '2023-08-19T09:45:24.958Z'
}
{
  message: 'Database connected successfully',
  level: 'info',
  label: 'UMS',
  timestamp: '2023-08-19T09:46:03.518Z'
}
{
  message: 'Application app listening on port 5000',
  level: 'info',
  label: 'UMS',
  timestamp: '2023-08-19T09:46:03.534Z'
}
{
  message: 'Database connected successfully',
  level: 'info',
  label: 'UMS',
  timestamp: '2023-08-19T09:46:09.710Z'
}
{
  message: 'Application app listening on port 5000',
  level: 'info',
  label: 'UMS',
  timestamp: '2023-08-19T09:46:09.723Z'
}
{
  message: 'Database connected successfully',
  level: 'info',
  label: 'UMS',
  timestamp: '2023-08-19T09:46:33.045Z'
}
{
  message: 'Application app listening on port 5000',
  level: 'info',
  label: 'UMS',
  timestamp: '2023-08-19T09:46:33.055Z'
}
{
  message: 'Database connected successfully',
  level: 'info',
  label: 'UMS',
  timestamp: '2023-08-19T09:46:37.538Z'
}
{
  message: 'Application app listening on port 5000',
  level: 'info',
  label: 'UMS',
  timestamp: '2023-08-19T09:46:37.547Z'
}
{
  message: 'Database connected successfully',
  level: 'info',
  label: 'UMS',
  timestamp: '2023-08-19T09:46:45.363Z'
}
{
  message: 'Application app listening on port 5000',
  level: 'info',
  label: 'UMS',
  timestamp: '2023-08-19T09:46:45.381Z'
}
{
  message: 'Database connected successfully',
  level: 'info',
  label: 'UMS',
  timestamp: '2023-08-19T09:48:35.575Z'
}
{
  message: 'Application app listening on port 5000',
  level: 'info',
  label: 'UMS',
  timestamp: '2023-08-19T09:48:35.588Z'
}
{
  message: 'Database connected successfully',
  level: 'info',
  label: 'UMS',
  timestamp: '2023-08-19T09:48:45.704Z'
}
{
  message: 'Application app listening on port 5000',
  level: 'info',
  label: 'UMS',
  timestamp: '2023-08-19T09:48:45.724Z'
}
{
  message: 'Database connected successfully',
  level: 'info',
  label: 'UMS',
  timestamp: '2023-08-19T09:49:05.912Z'
}
{
  message: 'Application app listening on port 5000',
  level: 'info',
  label: 'UMS',
  timestamp: '2023-08-19T09:49:05.930Z'
}
{
  message: 'Database connected successfully',
  level: 'info',
  label: 'UMS',
  timestamp: '2023-08-19T09:49:18.982Z'
}
{
  message: 'Application app listening on port 5000',
  level: 'info',
  label: 'UMS',
  timestamp: '2023-08-19T09:49:19.005Z'
}
{
  message: 'Database connected successfully',
  level: 'info',
  label: 'UMS',
  timestamp: '2023-08-19T09:49:33.002Z'
}
{
  message: 'Application app listening on port 5000',
  level: 'info',
  label: 'UMS',
  timestamp: '2023-08-19T09:49:33.014Z'
}
{
  message: 'Database connected successfully',
  level: 'info',
  label: 'UMS',
  timestamp: '2023-08-19T09:50:20.705Z'
}
{
  message: 'Application app listening on port 5000',
  level: 'info',
  label: 'UMS',
  timestamp: '2023-08-19T09:50:20.715Z'
}
{
  message: 'Database connected successfully',
  level: 'info',
  label: 'UMS',
  timestamp: '2023-08-19T09:50:43.066Z'
}
{
  message: 'Application app listening on port 5000',
  level: 'info',
  label: 'UMS',
  timestamp: '2023-08-19T09:50:43.077Z'
}
{
  message: 'Database connected successfully',
  level: 'info',
  label: 'UMS',
  timestamp: '2023-08-19T09:51:36.073Z'
}
{
  message: 'Application app listening on port 5000',
  level: 'info',
  label: 'UMS',
  timestamp: '2023-08-19T09:51:36.083Z'
}
{
  message: 'Database connected successfully',
  level: 'info',
  label: 'UMS',
  timestamp: '2023-08-19T09:52:00.247Z'
}
{
  message: 'Application app listening on port 5000',
  level: 'info',
  label: 'UMS',
  timestamp: '2023-08-19T09:52:00.258Z'
}
{
  message: 'Database connected successfully',
  level: 'info',
  label: 'UMS',
  timestamp: '2023-08-19T09:52:41.171Z'
}
{
  message: 'Application app listening on port 5000',
  level: 'info',
  label: 'UMS',
  timestamp: '2023-08-19T09:52:41.186Z'
}
{
  message: 'Database connected successfully',
  level: 'info',
  label: 'UMS',
  timestamp: '2023-08-19T09:53:53.175Z'
}
{
  message: 'Application app listening on port 5000',
  level: 'info',
  label: 'UMS',
  timestamp: '2023-08-19T09:53:53.190Z'
}
{
  message: 'Database connected successfully',
  level: 'info',
  label: 'UMS',
  timestamp: '2023-08-19T09:54:56.869Z'
}
{
  message: 'Application app listening on port 5000',
  level: 'info',
  label: 'UMS',
  timestamp: '2023-08-19T09:54:56.880Z'
}
{
  message: 'Database connected successfully',
  level: 'info',
  label: 'UMS',
  timestamp: '2023-08-19T09:55:07.880Z'
}
{
  message: 'Application app listening on port 5000',
  level: 'info',
  label: 'UMS',
  timestamp: '2023-08-19T09:55:07.902Z'
}
