{
  message: 'Database connected successfully',
  level: 'info',
  label: 'UMS',
  timestamp: '2023-08-19T10:13:54.666Z'
}
{
  message: 'Database connected successfully',
  level: 'info',
  label: 'UMS',
  timestamp: '2023-08-19T10:14:03.970Z'
}
{
  message: 'Application app listening on port 5000',
  level: 'info',
  label: 'UMS',
  timestamp: '2023-08-19T10:14:03.992Z'
}
{
  message: 'Database connected successfully',
  level: 'info',
  label: 'UMS',
  timestamp: '2023-08-19T10:17:33.608Z'
}
{
  message: 'Application app listening on port 5000',
  level: 'info',
  label: 'UMS',
  timestamp: '2023-08-19T10:17:33.616Z'
}
{
  message: 'Database connected successfully',
  level: 'info',
  label: 'UMS',
  timestamp: '2023-08-19T10:21:24.877Z'
}
{
  message: 'Application app listening on port 5000',
  level: 'info',
  label: 'UMS',
  timestamp: '2023-08-19T10:21:24.892Z'
}
{
  message: 'Database connected successfully',
  level: 'info',
  label: 'UMS',
  timestamp: '2023-08-19T10:22:45.825Z'
}
{
  message: 'Application app listening on port 5000',
  level: 'info',
  label: 'UMS',
  timestamp: '2023-08-19T10:22:45.835Z'
}
{
  message: 'Database connected successfully',
  level: 'info',
  label: 'UMS',
  timestamp: '2023-08-19T10:23:06.961Z'
}
{
  message: 'Application app listening on port 5000',
  level: 'info',
  label: 'UMS',
  timestamp: '2023-08-19T10:23:06.976Z'
}
{
  message: 'Database connected successfully',
  level: 'info',
  label: 'UMS',
  timestamp: '2023-08-19T10:24:22.024Z'
}
{
  message: 'Application app listening on port 5000',
  level: 'info',
  label: 'UMS',
  timestamp: '2023-08-19T10:24:22.042Z'
}
{
  message: 'Database connected successfully',
  level: 'info',
  label: 'UMS',
  timestamp: '2023-08-19T10:24:44.349Z'
}
{
  message: 'Application app listening on port 5000',
  level: 'info',
  label: 'UMS',
  timestamp: '2023-08-19T10:24:44.363Z'
}
{
  message: 'Database connected successfully',
  level: 'info',
  label: 'UMS',
  timestamp: '2023-08-19T10:25:00.392Z'
}
{
  message: 'Application app listening on port 5000',
  level: 'info',
  label: 'UMS',
  timestamp: '2023-08-19T10:25:00.417Z'
}
{
  message: 'Database connected successfully',
  level: 'info',
  label: 'UMS',
  timestamp: '2023-08-19T10:25:59.152Z'
}
{
  message: 'Application app listening on port 5000',
  level: 'info',
  label: 'UMS',
  timestamp: '2023-08-19T10:25:59.163Z'
}
{
  message: 'Database connected successfully',
  level: 'info',
  label: 'UMS',
  timestamp: '2023-08-19T10:34:18.100Z'
}
{
  message: 'Application app listening on port 5000',
  level: 'info',
  label: 'UMS',
  timestamp: '2023-08-19T10:34:18.116Z'
}
{
  message: 'Database connected successfully',
  level: 'info',
  label: 'UMS',
  timestamp: '2023-08-19T10:35:13.550Z'
}
{
  message: 'Application app listening on port 5000',
  level: 'info',
  label: 'UMS',
  timestamp: '2023-08-19T10:35:13.560Z'
}
{
  message: 'Database connected successfully',
  level: 'info',
  label: 'UMS',
  timestamp: '2023-08-19T10:39:38.635Z'
}
{
  message: 'Application app listening on port 5000',
  level: 'info',
  label: 'UMS',
  timestamp: '2023-08-19T10:39:38.647Z'
}
{
  message: 'Database connected successfully',
  level: 'info',
  label: 'UMS',
  timestamp: '2023-08-19T10:39:46.327Z'
}
{
  message: 'Application app listening on port 5000',
  level: 'info',
  label: 'UMS',
  timestamp: '2023-08-19T10:39:46.345Z'
}
{
  message: 'Database connected successfully',
  level: 'info',
  label: 'UMS',
  timestamp: '2023-08-19T10:40:09.041Z'
}
{
  message: 'Application app listening on port 5000',
  level: 'info',
  label: 'UMS',
  timestamp: '2023-08-19T10:40:09.071Z'
}
{
  message: 'Database connected successfully',
  level: 'info',
  label: 'UMS',
  timestamp: '2023-08-19T10:40:16.719Z'
}
{
  message: 'Application app listening on port 5000',
  level: 'info',
  label: 'UMS',
  timestamp: '2023-08-19T10:40:16.733Z'
}
{
  message: 'Database connected successfully',
  level: 'info',
  label: 'UMS',
  timestamp: '2023-08-19T10:40:24.695Z'
}
{
  message: 'Application app listening on port 5000',
  level: 'info',
  label: 'UMS',
  timestamp: '2023-08-19T10:40:24.715Z'
}
{
  message: 'Database connected successfully',
  level: 'info',
  label: 'UMS',
  timestamp: '2023-08-19T10:40:42.802Z'
}
{
  message: 'Application app listening on port 5000',
  level: 'info',
  label: 'UMS',
  timestamp: '2023-08-19T10:40:42.817Z'
}
{
  message: 'Database connected successfully',
  level: 'info',
  label: 'UMS',
  timestamp: '2023-08-19T10:40:49.425Z'
}
{
  message: 'Application app listening on port 5000',
  level: 'info',
  label: 'UMS',
  timestamp: '2023-08-19T10:40:49.436Z'
}
{
  message: 'Database connected successfully',
  level: 'info',
  label: 'UMS',
  timestamp: '2023-08-19T10:40:58.091Z'
}
{
  message: 'Application app listening on port 5000',
  level: 'info',
  label: 'UMS',
  timestamp: '2023-08-19T10:40:58.101Z'
}
{
  message: 'Database connected successfully',
  level: 'info',
  label: 'UMS',
  timestamp: '2023-08-19T10:46:32.136Z'
}
{
  message: 'Application app listening on port 5000',
  level: 'info',
  label: 'UMS',
  timestamp: '2023-08-19T10:46:32.152Z'
}
{
  message: 'Database connected successfully',
  level: 'info',
  label: 'UMS',
  timestamp: '2023-08-19T10:47:15.926Z'
}
{
  message: 'Application app listening on port 5000',
  level: 'info',
  label: 'UMS',
  timestamp: '2023-08-19T10:47:15.935Z'
}
{
  message: 'Database connected successfully',
  level: 'info',
  label: 'UMS',
  timestamp: '2023-08-19T10:47:32.221Z'
}
{
  message: 'Application app listening on port 5000',
  level: 'info',
  label: 'UMS',
  timestamp: '2023-08-19T10:47:32.239Z'
}
{
  message: 'Database connected successfully',
  level: 'info',
  label: 'UMS',
  timestamp: '2023-08-19T10:47:41.237Z'
}
{
  message: 'Application app listening on port 5000',
  level: 'info',
  label: 'UMS',
  timestamp: '2023-08-19T10:47:41.247Z'
}
{
  message: 'Database connected successfully',
  level: 'info',
  label: 'UMS',
  timestamp: '2023-08-19T10:48:38.211Z'
}
{
  message: 'Application app listening on port 5000',
  level: 'info',
  label: 'UMS',
  timestamp: '2023-08-19T10:48:38.224Z'
}
{
  message: 'Database connected successfully',
  level: 'info',
  label: 'UMS',
  timestamp: '2023-08-19T10:49:23.734Z'
}
{
  message: 'Application app listening on port 5000',
  level: 'info',
  label: 'UMS',
  timestamp: '2023-08-19T10:49:23.770Z'
}
